


ARM Macro Assembler    Page 1 


    1 00000000         
    2 00000000         ;/******************************************************
                       ***********************/
    3 00000000         ;/*  Startup for ARM                                    
                                             */
    4 00000000         ;/*  Version     V1.0                                   
                                             */
    5 00000000         ;/*  Date        2021-03-12                             
                                             */
    6 00000000         ;/*  Target-mcu  {MCU_PN_H}                             
                                             */
    7 00000000         ;/******************************************************
                       ***********************/
    8 00000000         
    9 00000000         ; Stack Configuration
   10 00000000         ; Stack Size (in Bytes) <0x0-0xFFFFFFFF:8>
   11 00000000         
   12 00000000 00000200 
                       Stack_Size
                               EQU              0x00000200
   13 00000000         
   14 00000000                 AREA             STACK, NOINIT, READWRITE, ALIGN
=3
   15 00000000         Stack_Mem
                               SPACE            Stack_Size
   16 00000200         __initial_sp
   17 00000200         
   18 00000200         
   19 00000200         ; Heap Configuration
   20 00000200         ;  Heap Size (in Bytes) <0x0-0xFFFFFFFF:8>
   21 00000200         
   22 00000200 00000200 
                       Heap_Size
                               EQU              0x00000200
   23 00000200         
   24 00000200                 AREA             HEAP, NOINIT, READWRITE, ALIGN=
3
   25 00000000         __heap_base
   26 00000000         Heap_Mem
                               SPACE            Heap_Size
   27 00000200         __heap_limit
   28 00000200         
   29 00000200         
   30 00000200                 PRESERVE8
   31 00000200                 THUMB
   32 00000200         
   33 00000200         
   34 00000200         ; Vector Table Mapped to Address 0 at Reset
   35 00000200         
   36 00000200                 AREA             RESET, DATA, READONLY
   37 00000000                 EXPORT           __Vectors
   38 00000000                 EXPORT           __Vectors_End
   39 00000000                 EXPORT           __Vectors_Size
   40 00000000         
   41 00000000         __Vectors
   42 00000000 00000000        DCD              __initial_sp ; Top of Stack
   43 00000004 00000000        DCD              Reset_Handler ;< -15 Reset Vect
                                                            or, invoked on Powe
                                                            r up and warm reset



ARM Macro Assembler    Page 2 


                                                            
   44 00000008 00000000        DCD              NMI_Handler ;< -14 Non maskable
                                                             Interrupt, cannot 
                                                            be stopped or preem
                                                            pted
   45 0000000C 00000000        DCD              HardFault_Handler ;< -13 Hard F
                                                            ault, all classes o
                                                            f Fault
   46 00000010 00000000        DCD              0           ;< -12 Reserved
   47 00000014 00000000        DCD              0           ;< -11 Reserved
   48 00000018 00000000        DCD              0           ;< -10 Reserved
   49 0000001C 00000000        DCD              0           ;< -9 Reserved
   50 00000020 00000000        DCD              0           ;< -8 Reserved
   51 00000024 00000000        DCD              0           ;< -7 Reserved
   52 00000028 00000000        DCD              0           ;< -6 Reserved
   53 0000002C 00000000        DCD              SVC_Handler ;< -5 System Servic
                                                            e Call via SVC inst
                                                            ruction
   54 00000030 00000000        DCD              0           ;< -4 Reserved
   55 00000034 00000000        DCD              0           ;< -3 Reserved
   56 00000038 00000000        DCD              PendSV_Handler ;< -2 Pendable r
                                                            equest for system s
                                                            ervice
   57 0000003C 00000000        DCD              SysTick_Handler ;< -1 System Ti
                                                            ck Timer
   58 00000040         
   59 00000040 00000000        DCD              WDT_IRQHandler ;< 0 Watch Dog T
                                                            imer Interrupt Hand
                                                            ler
   60 00000044 00000000        DCD              LVD_IRQHandler ;< 1 Low Voltage
                                                             Detect Interrupt H
                                                            andler
   61 00000048 00000000        DCD              RTC_IRQHandler ;< 2 Real Time C
                                                            lock Interrupt Hand
                                                            ler
   62 0000004C 00000000        DCD              FLASHRAM_IRQHandler ;< 3 Flash/
                                                            RAM Interrupt Handl
                                                            er
   63 00000050 00000000        DCD              RCC_IRQHandler ;< 4 RCC Interup
                                                            t Handler
   64 00000054 00000000        DCD              GPIOA_IRQHandler ;< 5 GPIOA Int
                                                            errupt Handler
   65 00000058 00000000        DCD              GPIOB_IRQHandler ;< 6 GPIOB Int
                                                            errupt Handler
   66 0000005C 00000000        DCD              GPIOC_IRQHandler ;< 7 GPIOC Int
                                                            errupt Handler
   67 00000060 00000000        DCD              GPIOF_IRQHandler ;< 8 GPIOF Int
                                                            errupt Handler
   68 00000064 00000000        DCD              DMACH1_IRQHandler ;< 9 DMA Chan
                                                            nel 1 Interrupt Han
                                                            dler
   69 00000068 00000000        DCD              DMACH23_IRQHandler ;< 10 DMA Ch
                                                            annel 2/3 Interrupt
                                                             Handler
   70 0000006C 00000000        DCD              DMACH45_IRQHandler ;< 11 DMA Ch
                                                            annel 4/5 Interrupt
                                                             Handler
   71 00000070 00000000        DCD              ADC_IRQHandler ;< 12 ADC Interr
                                                            upt Handler



ARM Macro Assembler    Page 3 


   72 00000074 00000000        DCD              ATIM_IRQHandler ;< 13 Advanced 
                                                            Timer Interrupt Han
                                                            dler
   73 00000078 00000000        DCD              VC1_IRQHandler ;< 14 Voltage Co
                                                            mparator 1 Interrup
                                                            t Handler
   74 0000007C 00000000        DCD              VC2_IRQHandler ;< 15 Voltage Co
                                                            mparator 2 Interrup
                                                            t Handler
   75 00000080 00000000        DCD              GTIM1_IRQHandler ;< 16 General 
                                                            Timer1 Interrupt Ha
                                                            ndler
   76 00000084 00000000        DCD              GTIM2_IRQHandler ;< 17 General 
                                                            Timer2 Interrupt Ha
                                                            ndler
   77 00000088 00000000        DCD              GTIM3_IRQHandler ;< 18 General 
                                                            Timer3 Interrupt Ha
                                                            ndler
   78 0000008C 00000000        DCD              GTIM4_IRQHandler ;< 19 General 
                                                            Timer4 Interrupt Ha
                                                            ndler
   79 00000090 00000000        DCD              BTIM1_IRQHandler ;< 20 Base Tim
                                                            er1 Interrupt Handl
                                                            er
   80 00000094 00000000        DCD              BTIM2_IRQHandler ;< 21 Base Tim
                                                            er2 Interrupt Handl
                                                            er
   81 00000098 00000000        DCD              BTIM3_IRQHandler ;< 22 Base Tim
                                                            er3 Interrupt Handl
                                                            er
   82 0000009C 00000000        DCD              I2C1_IRQHandler ;< 23 I2C1 Inte
                                                            rrupt Handler
   83 000000A0 00000000        DCD              I2C2_IRQHandler ;< 24 I2C2 Inte
                                                            rrupt Handler
   84 000000A4 00000000        DCD              SPI1_IRQHandler ;< 25 SPI1 Inte
                                                            rrupt Handler
   85 000000A8 00000000        DCD              SPI2_IRQHandler ;< 26 SPI2 Inte
                                                            rrupt Handler
   86 000000AC 00000000        DCD              UART1_IRQHandler ;< 27 UART1 In
                                                            terrupt Handler
   87 000000B0 00000000        DCD              UART2_IRQHandler ;< 28 UART2 In
                                                            terrupt Handler
   88 000000B4 00000000        DCD              UART3_IRQHandler ;< 29 UART3 In
                                                            terrupt Handler
   89 000000B8 00000000        DCD              AWT_IRQHandler ;< 30 Auto Wakeu
                                                            p Timer Handler
   90 000000BC 00000000        DCD              FAULT_IRQHandler ;< 31 FAULT In
                                                            terrupt Handler
   91 000000C0         
   92 000000C0         
   93 000000C0         
   94 000000C0         __Vectors_End
   95 000000C0         
   96 000000C0 000000C0 
                       __Vectors_Size
                               EQU              __Vectors_End - __Vectors
   97 000000C0         
   98 000000C0                 AREA             |.text|, CODE, READONLY
   99 00000000         



ARM Macro Assembler    Page 4 


  100 00000000         
  101 00000000         ; Reset Handler
  102 00000000         
  103 00000000         Reset_Handler
                               PROC
  104 00000000                 EXPORT           Reset_Handler             [WEAK
]
  105 00000000                 IMPORT           SystemInit
  106 00000000                 IMPORT           __main
  107 00000000         
  108 00000000 4804            LDR              R0, =SystemInit
  109 00000002 4780            BLX              R0
  110 00000004 4804            LDR              R0, =__main
  111 00000006 4700            BX               R0
  112 00000008                 ENDP
  113 00000008         
  114 00000008         
  115 00000008         ; Dummy Exception Handlers (infinite loops which can be 
                       modified)
  116 00000008         
  117 00000008         NMI_Handler
                               PROC
  118 00000008                 EXPORT           NMI_Handler               [WEAK
]
  119 00000008 E7FE            B                .
  120 0000000A                 ENDP
  121 0000000A         
  122 0000000A         
  124 0000000A         HardFault_Handler
                               PROC
  125 0000000A                 EXPORT           HardFault_Handler         [WEAK
]
  126 0000000A E7FE            B                .
  127 0000000C                 ENDP
  128 0000000C         SVC_Handler
                               PROC
  129 0000000C                 EXPORT           SVC_Handler               [WEAK
]
  130 0000000C E7FE            B                .
  131 0000000E                 ENDP
  132 0000000E         PendSV_Handler
                               PROC
  133 0000000E                 EXPORT           PendSV_Handler            [WEAK
]
  134 0000000E E7FE            B                .
  135 00000010                 ENDP
  136 00000010         SysTick_Handler
                               PROC
  137 00000010                 EXPORT           SysTick_Handler           [WEAK
]
  138 00000010 E7FE            B                .
  139 00000012                 ENDP
  140 00000012         
  141 00000012         Default_Handler
                               PROC
  142 00000012                 EXPORT           WDT_IRQHandler           [WEAK]
  143 00000012                 EXPORT           LVD_IRQHandler           [WEAK]
  144 00000012                 EXPORT           RTC_IRQHandler           [WEAK]
  145 00000012                 EXPORT           FLASHRAM_IRQHandler      [WEAK]



ARM Macro Assembler    Page 5 


  146 00000012                 EXPORT           RCC_IRQHandler           [WEAK]
  147 00000012                 EXPORT           GPIOA_IRQHandler         [WEAK]
  148 00000012                 EXPORT           GPIOB_IRQHandler         [WEAK]
  149 00000012                 EXPORT           GPIOC_IRQHandler         [WEAK]
  150 00000012                 EXPORT           GPIOF_IRQHandler         [WEAK]
  151 00000012                 EXPORT           DMACH1_IRQHandler        [WEAK]
  152 00000012                 EXPORT           DMACH23_IRQHandler       [WEAK]
  153 00000012                 EXPORT           DMACH45_IRQHandler       [WEAK]
  154 00000012                 EXPORT           ADC_IRQHandler           [WEAK]
  155 00000012                 EXPORT           ATIM_IRQHandler          [WEAK]
  156 00000012                 EXPORT           VC1_IRQHandler           [WEAK]
  157 00000012                 EXPORT           VC2_IRQHandler           [WEAK]
  158 00000012                 EXPORT           GTIM1_IRQHandler         [WEAK]
  159 00000012                 EXPORT           GTIM2_IRQHandler         [WEAK]
  160 00000012                 EXPORT           GTIM3_IRQHandler         [WEAK]
  161 00000012                 EXPORT           GTIM4_IRQHandler         [WEAK]
  162 00000012                 EXPORT           BTIM1_IRQHandler         [WEAK]
  163 00000012                 EXPORT           BTIM2_IRQHandler         [WEAK]
  164 00000012                 EXPORT           BTIM3_IRQHandler         [WEAK]
  165 00000012                 EXPORT           I2C1_IRQHandler          [WEAK]
  166 00000012                 EXPORT           I2C2_IRQHandler          [WEAK]
  167 00000012                 EXPORT           SPI1_IRQHandler          [WEAK]
  168 00000012                 EXPORT           SPI2_IRQHandler          [WEAK]
  169 00000012                 EXPORT           UART1_IRQHandler         [WEAK]
  170 00000012                 EXPORT           UART2_IRQHandler         [WEAK]
  171 00000012                 EXPORT           UART3_IRQHandler         [WEAK]
  172 00000012                 EXPORT           AWT_IRQHandler           [WEAK]
  173 00000012                 EXPORT           FAULT_IRQHandler         [WEAK]
  174 00000012         
  175 00000012         WDT_IRQHandler
  176 00000012         LVD_IRQHandler
  177 00000012         RTC_IRQHandler
  178 00000012         FLASHRAM_IRQHandler
  179 00000012         RCC_IRQHandler
  180 00000012         GPIOA_IRQHandler
  181 00000012         GPIOB_IRQHandler
  182 00000012         GPIOC_IRQHandler
  183 00000012         GPIOF_IRQHandler
  184 00000012         DMACH1_IRQHandler
  185 00000012         DMACH23_IRQHandler
  186 00000012         DMACH45_IRQHandler
  187 00000012         ADC_IRQHandler
  188 00000012         ATIM_IRQHandler
  189 00000012         VC1_IRQHandler
  190 00000012         VC2_IRQHandler
  191 00000012         GTIM1_IRQHandler
  192 00000012         GTIM2_IRQHandler
  193 00000012         GTIM3_IRQHandler
  194 00000012         GTIM4_IRQHandler
  195 00000012         BTIM1_IRQHandler
  196 00000012         BTIM2_IRQHandler
  197 00000012         BTIM3_IRQHandler
  198 00000012         I2C1_IRQHandler
  199 00000012         I2C2_IRQHandler
  200 00000012         SPI1_IRQHandler
  201 00000012         SPI2_IRQHandler
  202 00000012         UART1_IRQHandler
  203 00000012         UART2_IRQHandler
  204 00000012         UART3_IRQHandler



ARM Macro Assembler    Page 6 


  205 00000012         AWT_IRQHandler
  206 00000012         FAULT_IRQHandler
  207 00000012         
  208 00000012         
  209 00000012 E7FE            B                .
  210 00000014         
  211 00000014                 ENDP
  212 00000014         
  213 00000014         
  214 00000014                 ALIGN
  215 00000014         
  216 00000014         
  217 00000014         ; User Initial Stack & Heap
  218 00000014         
  219 00000014                 IF               :DEF:__MICROLIB
  220 00000014         
  221 00000014                 EXPORT           __initial_sp
  222 00000014                 EXPORT           __heap_base
  223 00000014                 EXPORT           __heap_limit
  224 00000014         
  225 00000014                 ELSE
  239                          ENDIF
  240 00000014         
  241 00000014         
  242 00000014                 END
              00000000 
              00000000 
Command Line: --debug --xref --diag_suppress=9931 --cpu=Cortex-M0+ --apcs=inter
work --depend=.\objects\startup_cw32f030.d -o.\objects\startup_cw32f030.o -I.\R
TE\_Project -IC:\Users\15216\AppData\Local\Arm\Packs\ARM\CMSIS\5.9.0\CMSIS\Core
\Include -IC:\Users\15216\AppData\Local\Arm\Packs\WHXY\CW32F030_DFP\1.0.3\Devic
e\Include --predefine="__MICROLIB SETA 1" --predefine="__UVISION_VERSION SETA 5
38" --predefine="_RTE_ SETA 1" --predefine="_RTE_ SETA 1" --list=.\listings\sta
rtup_cw32f030.lst startup_cw32f030.s



ARM Macro Assembler    Page 1 Alphabetic symbol ordering
Relocatable symbols

STACK 00000000

Symbol: STACK
   Definitions
      At line 14 in file startup_cw32f030.s
   Uses
      None
Comment: STACK unused
Stack_Mem 00000000

Symbol: Stack_Mem
   Definitions
      At line 15 in file startup_cw32f030.s
   Uses
      None
Comment: Stack_Mem unused
__initial_sp 00000200

Symbol: __initial_sp
   Definitions
      At line 16 in file startup_cw32f030.s
   Uses
      At line 42 in file startup_cw32f030.s
      At line 221 in file startup_cw32f030.s

3 symbols



ARM Macro Assembler    Page 1 Alphabetic symbol ordering
Relocatable symbols

HEAP 00000000

Symbol: HEAP
   Definitions
      At line 24 in file startup_cw32f030.s
   Uses
      None
Comment: HEAP unused
Heap_Mem 00000000

Symbol: Heap_Mem
   Definitions
      At line 26 in file startup_cw32f030.s
   Uses
      None
Comment: Heap_Mem unused
__heap_base 00000000

Symbol: __heap_base
   Definitions
      At line 25 in file startup_cw32f030.s
   Uses
      At line 222 in file startup_cw32f030.s
Comment: __heap_base used once
__heap_limit 00000200

Symbol: __heap_limit
   Definitions
      At line 27 in file startup_cw32f030.s
   Uses
      At line 223 in file startup_cw32f030.s
Comment: __heap_limit used once
4 symbols



ARM Macro Assembler    Page 1 Alphabetic symbol ordering
Relocatable symbols

RESET 00000000

Symbol: RESET
   Definitions
      At line 36 in file startup_cw32f030.s
   Uses
      None
Comment: RESET unused
__Vectors 00000000

Symbol: __Vectors
   Definitions
      At line 41 in file startup_cw32f030.s
   Uses
      At line 37 in file startup_cw32f030.s
      At line 96 in file startup_cw32f030.s

__Vectors_End 000000C0

Symbol: __Vectors_End
   Definitions
      At line 94 in file startup_cw32f030.s
   Uses
      At line 38 in file startup_cw32f030.s
      At line 96 in file startup_cw32f030.s

3 symbols



ARM Macro Assembler    Page 1 Alphabetic symbol ordering
Relocatable symbols

.text 00000000

Symbol: .text
   Definitions
      At line 98 in file startup_cw32f030.s
   Uses
      None
Comment: .text unused
ADC_IRQHandler 00000012

Symbol: ADC_IRQHandler
   Definitions
      At line 187 in file startup_cw32f030.s
   Uses
      At line 71 in file startup_cw32f030.s
      At line 154 in file startup_cw32f030.s

ATIM_IRQHandler 00000012

Symbol: ATIM_IRQHandler
   Definitions
      At line 188 in file startup_cw32f030.s
   Uses
      At line 72 in file startup_cw32f030.s
      At line 155 in file startup_cw32f030.s

AWT_IRQHandler 00000012

Symbol: AWT_IRQHandler
   Definitions
      At line 205 in file startup_cw32f030.s
   Uses
      At line 89 in file startup_cw32f030.s
      At line 172 in file startup_cw32f030.s

BTIM1_IRQHandler 00000012

Symbol: BTIM1_IRQHandler
   Definitions
      At line 195 in file startup_cw32f030.s
   Uses
      At line 79 in file startup_cw32f030.s
      At line 162 in file startup_cw32f030.s

BTIM2_IRQHandler 00000012

Symbol: BTIM2_IRQHandler
   Definitions
      At line 196 in file startup_cw32f030.s
   Uses
      At line 80 in file startup_cw32f030.s
      At line 163 in file startup_cw32f030.s

BTIM3_IRQHandler 00000012

Symbol: BTIM3_IRQHandler
   Definitions
      At line 197 in file startup_cw32f030.s
   Uses



ARM Macro Assembler    Page 2 Alphabetic symbol ordering
Relocatable symbols

      At line 81 in file startup_cw32f030.s
      At line 164 in file startup_cw32f030.s

DMACH1_IRQHandler 00000012

Symbol: DMACH1_IRQHandler
   Definitions
      At line 184 in file startup_cw32f030.s
   Uses
      At line 68 in file startup_cw32f030.s
      At line 151 in file startup_cw32f030.s

DMACH23_IRQHandler 00000012

Symbol: DMACH23_IRQHandler
   Definitions
      At line 185 in file startup_cw32f030.s
   Uses
      At line 69 in file startup_cw32f030.s
      At line 152 in file startup_cw32f030.s

DMACH45_IRQHandler 00000012

Symbol: DMACH45_IRQHandler
   Definitions
      At line 186 in file startup_cw32f030.s
   Uses
      At line 70 in file startup_cw32f030.s
      At line 153 in file startup_cw32f030.s

Default_Handler 00000012

Symbol: Default_Handler
   Definitions
      At line 141 in file startup_cw32f030.s
   Uses
      None
Comment: Default_Handler unused
FAULT_IRQHandler 00000012

Symbol: FAULT_IRQHandler
   Definitions
      At line 206 in file startup_cw32f030.s
   Uses
      At line 90 in file startup_cw32f030.s
      At line 173 in file startup_cw32f030.s

FLASHRAM_IRQHandler 00000012

Symbol: FLASHRAM_IRQHandler
   Definitions
      At line 178 in file startup_cw32f030.s
   Uses
      At line 62 in file startup_cw32f030.s
      At line 145 in file startup_cw32f030.s

GPIOA_IRQHandler 00000012

Symbol: GPIOA_IRQHandler



ARM Macro Assembler    Page 3 Alphabetic symbol ordering
Relocatable symbols

   Definitions
      At line 180 in file startup_cw32f030.s
   Uses
      At line 64 in file startup_cw32f030.s
      At line 147 in file startup_cw32f030.s

GPIOB_IRQHandler 00000012

Symbol: GPIOB_IRQHandler
   Definitions
      At line 181 in file startup_cw32f030.s
   Uses
      At line 65 in file startup_cw32f030.s
      At line 148 in file startup_cw32f030.s

GPIOC_IRQHandler 00000012

Symbol: GPIOC_IRQHandler
   Definitions
      At line 182 in file startup_cw32f030.s
   Uses
      At line 66 in file startup_cw32f030.s
      At line 149 in file startup_cw32f030.s

GPIOF_IRQHandler 00000012

Symbol: GPIOF_IRQHandler
   Definitions
      At line 183 in file startup_cw32f030.s
   Uses
      At line 67 in file startup_cw32f030.s
      At line 150 in file startup_cw32f030.s

GTIM1_IRQHandler 00000012

Symbol: GTIM1_IRQHandler
   Definitions
      At line 191 in file startup_cw32f030.s
   Uses
      At line 75 in file startup_cw32f030.s
      At line 158 in file startup_cw32f030.s

GTIM2_IRQHandler 00000012

Symbol: GTIM2_IRQHandler
   Definitions
      At line 192 in file startup_cw32f030.s
   Uses
      At line 76 in file startup_cw32f030.s
      At line 159 in file startup_cw32f030.s

GTIM3_IRQHandler 00000012

Symbol: GTIM3_IRQHandler
   Definitions
      At line 193 in file startup_cw32f030.s
   Uses
      At line 77 in file startup_cw32f030.s
      At line 160 in file startup_cw32f030.s



ARM Macro Assembler    Page 4 Alphabetic symbol ordering
Relocatable symbols


GTIM4_IRQHandler 00000012

Symbol: GTIM4_IRQHandler
   Definitions
      At line 194 in file startup_cw32f030.s
   Uses
      At line 78 in file startup_cw32f030.s
      At line 161 in file startup_cw32f030.s

HardFault_Handler 0000000A

Symbol: HardFault_Handler
   Definitions
      At line 124 in file startup_cw32f030.s
   Uses
      At line 45 in file startup_cw32f030.s
      At line 125 in file startup_cw32f030.s

I2C1_IRQHandler 00000012

Symbol: I2C1_IRQHandler
   Definitions
      At line 198 in file startup_cw32f030.s
   Uses
      At line 82 in file startup_cw32f030.s
      At line 165 in file startup_cw32f030.s

I2C2_IRQHandler 00000012

Symbol: I2C2_IRQHandler
   Definitions
      At line 199 in file startup_cw32f030.s
   Uses
      At line 83 in file startup_cw32f030.s
      At line 166 in file startup_cw32f030.s

LVD_IRQHandler 00000012

Symbol: LVD_IRQHandler
   Definitions
      At line 176 in file startup_cw32f030.s
   Uses
      At line 60 in file startup_cw32f030.s
      At line 143 in file startup_cw32f030.s

NMI_Handler 00000008

Symbol: NMI_Handler
   Definitions
      At line 117 in file startup_cw32f030.s
   Uses
      At line 44 in file startup_cw32f030.s
      At line 118 in file startup_cw32f030.s

PendSV_Handler 0000000E

Symbol: PendSV_Handler
   Definitions



ARM Macro Assembler    Page 5 Alphabetic symbol ordering
Relocatable symbols

      At line 132 in file startup_cw32f030.s
   Uses
      At line 56 in file startup_cw32f030.s
      At line 133 in file startup_cw32f030.s

RCC_IRQHandler 00000012

Symbol: RCC_IRQHandler
   Definitions
      At line 179 in file startup_cw32f030.s
   Uses
      At line 63 in file startup_cw32f030.s
      At line 146 in file startup_cw32f030.s

RTC_IRQHandler 00000012

Symbol: RTC_IRQHandler
   Definitions
      At line 177 in file startup_cw32f030.s
   Uses
      At line 61 in file startup_cw32f030.s
      At line 144 in file startup_cw32f030.s

Reset_Handler 00000000

Symbol: Reset_Handler
   Definitions
      At line 103 in file startup_cw32f030.s
   Uses
      At line 43 in file startup_cw32f030.s
      At line 104 in file startup_cw32f030.s

SPI1_IRQHandler 00000012

Symbol: SPI1_IRQHandler
   Definitions
      At line 200 in file startup_cw32f030.s
   Uses
      At line 84 in file startup_cw32f030.s
      At line 167 in file startup_cw32f030.s

SPI2_IRQHandler 00000012

Symbol: SPI2_IRQHandler
   Definitions
      At line 201 in file startup_cw32f030.s
   Uses
      At line 85 in file startup_cw32f030.s
      At line 168 in file startup_cw32f030.s

SVC_Handler 0000000C

Symbol: SVC_Handler
   Definitions
      At line 128 in file startup_cw32f030.s
   Uses
      At line 53 in file startup_cw32f030.s
      At line 129 in file startup_cw32f030.s




ARM Macro Assembler    Page 6 Alphabetic symbol ordering
Relocatable symbols

SysTick_Handler 00000010

Symbol: SysTick_Handler
   Definitions
      At line 136 in file startup_cw32f030.s
   Uses
      At line 57 in file startup_cw32f030.s
      At line 137 in file startup_cw32f030.s

UART1_IRQHandler 00000012

Symbol: UART1_IRQHandler
   Definitions
      At line 202 in file startup_cw32f030.s
   Uses
      At line 86 in file startup_cw32f030.s
      At line 169 in file startup_cw32f030.s

UART2_IRQHandler 00000012

Symbol: UART2_IRQHandler
   Definitions
      At line 203 in file startup_cw32f030.s
   Uses
      At line 87 in file startup_cw32f030.s
      At line 170 in file startup_cw32f030.s

UART3_IRQHandler 00000012

Symbol: UART3_IRQHandler
   Definitions
      At line 204 in file startup_cw32f030.s
   Uses
      At line 88 in file startup_cw32f030.s
      At line 171 in file startup_cw32f030.s

VC1_IRQHandler 00000012

Symbol: VC1_IRQHandler
   Definitions
      At line 189 in file startup_cw32f030.s
   Uses
      At line 73 in file startup_cw32f030.s
      At line 156 in file startup_cw32f030.s

VC2_IRQHandler 00000012

Symbol: VC2_IRQHandler
   Definitions
      At line 190 in file startup_cw32f030.s
   Uses
      At line 74 in file startup_cw32f030.s
      At line 157 in file startup_cw32f030.s

WDT_IRQHandler 00000012

Symbol: WDT_IRQHandler
   Definitions
      At line 175 in file startup_cw32f030.s



ARM Macro Assembler    Page 7 Alphabetic symbol ordering
Relocatable symbols

   Uses
      At line 59 in file startup_cw32f030.s
      At line 142 in file startup_cw32f030.s

40 symbols



ARM Macro Assembler    Page 1 Alphabetic symbol ordering
Absolute symbols

Heap_Size 00000200

Symbol: Heap_Size
   Definitions
      At line 22 in file startup_cw32f030.s
   Uses
      At line 26 in file startup_cw32f030.s
Comment: Heap_Size used once
Stack_Size 00000200

Symbol: Stack_Size
   Definitions
      At line 12 in file startup_cw32f030.s
   Uses
      At line 15 in file startup_cw32f030.s
Comment: Stack_Size used once
__Vectors_Size 000000C0

Symbol: __Vectors_Size
   Definitions
      At line 96 in file startup_cw32f030.s
   Uses
      At line 39 in file startup_cw32f030.s
Comment: __Vectors_Size used once
3 symbols



ARM Macro Assembler    Page 1 Alphabetic symbol ordering
External symbols

SystemInit 00000000

Symbol: SystemInit
   Definitions
      At line 105 in file startup_cw32f030.s
   Uses
      At line 108 in file startup_cw32f030.s
Comment: SystemInit used once
__main 00000000

Symbol: __main
   Definitions
      At line 106 in file startup_cw32f030.s
   Uses
      At line 110 in file startup_cw32f030.s
Comment: __main used once
2 symbols
390 symbols in table
