*** Using Compiler 'V5.06 update 7 (build 960)', folder: 'C:\Keil_v5\ARM\ARMCC\Bin'
Rebuild target 'Project'
compiling interrupts_cw32f030.c...
assembling startup_cw32f030.s...
compiling cw32f030_debug.c...
compiling cw32f030_digitalsign.c...
compiling system_cw32f030.c...
compiling main.c...
User\src\../inc/../../BSP/inc/rcc.h(9): warning:  #1-D: last line of file ends without a newline
  #endif
User\src\../inc/../../BSP/inc/delay.h(8): warning:  #1-D: last line of file ends without a newline
  #endif
User\src\../inc/../../BSP/inc/key.h(19): warning:  #1-D: last line of file ends without a newline
  #endif
User\src\../inc/../../BSP/inc/font.h(210): warning:  #1-D: last line of file ends without a newline
  #endif
User\src\../inc/../../BSP/inc/lcd_gui.h(9): warning:  #1-D: last line of file ends without a newline
  #endif
User\src\main.c: 5 warnings, 0 errors
compiling cw32f030_atim.c...
compiling cw32f030_dma.c...
compiling cw32f030_adc.c...
compiling cw32f030_crc.c...
compiling cw32f030_btim.c...
compiling cw32f030_flash.c...
compiling cw32f030_awt.c...
compiling cw32f030_gpio.c...
compiling cw32f030_gtim.c...
compiling cw32f030_iwdt.c...
compiling cw32f030_i2c.c...
compiling cw32f030_pwr.c...
compiling cw32f030_lvd.c...
compiling cw32f030_ram.c...
compiling cw32f030_systick.c...
compiling cw32f030_uart.c...
compiling cw32f030_spi.c...
compiling cw32f030_vc.c...
compiling cw32f030_rcc.c...
compiling cw32f030_rtc.c...
compiling delay.c...
.\BSP\inc\delay.h(8): warning:  #1-D: last line of file ends without a newline
  #endif
BSP\src\delay.c(10): warning:  #1-D: last line of file ends without a newline
  }
BSP\src\delay.c: 2 warnings, 0 errors
compiling rcc.c...
BSP\src\../inc/rcc.h(9): warning:  #1-D: last line of file ends without a newline
  #endif
BSP\src\rcc.c(23): warning:  #1-D: last line of file ends without a newline
  }
BSP\src\rcc.c: 2 warnings, 0 errors
compiling font.c...
BSP\src\../inc/font.h(210): warning:  #1-D: last line of file ends without a newline
  #endif
BSP\src\font.c(102): warning:  #1-D: last line of file ends without a newline
  };
BSP\src\font.c: 2 warnings, 0 errors
compiling cw32f030_wwdt.c...
compiling croutine.c...
compiling list.c...
compiling event_groups.c...
compiling queue.c...
compiling led.c...
BSP\src\led.c(51): warning:  #1-D: last line of file ends without a newline
  }
BSP\src\led.c: 1 warning, 0 errors
compiling key.c...
.\BSP\inc\delay.h(8): warning:  #1-D: last line of file ends without a newline
  #endif
.\BSP\inc\key.h(19): warning:  #1-D: last line of file ends without a newline
  #endif
BSP\src\key.c(28): warning:  #940-D: missing return statement at end of non-void function "Read_Key1" 
  }
BSP\src\key.c(44): warning:  #940-D: missing return statement at end of non-void function "Read_Key2" 
  }
BSP\src\key.c(60): warning:  #1-D: last line of file ends without a newline
  }
BSP\src\key.c(60): warning:  #940-D: missing return statement at end of non-void function "Read_Key3" 
  }
BSP\src\key.c: 6 warnings, 0 errors
compiling stream_buffer.c...
compiling lcd_gui.c...
.\BSP\inc\font.h(210): warning:  #1-D: last line of file ends without a newline
  #endif
.\BSP\inc\lcd_gui.h(9): warning:  #1-D: last line of file ends without a newline
  #endif
BSP\src\lcd_gui.c(70): warning:  #1-D: last line of file ends without a newline
  }
BSP\src\lcd_gui.c: 3 warnings, 0 errors
compiling lcd.c...
compiling timers.c...
compiling heap_4.c...
compiling tasks.c...
compiling port.c...
linking...
Program Size: Code=3356 RO-data=1848 RW-data=16 ZI-data=512  
".\Objects\CW32_SimpleFOC.axf" - 0 Error(s), 21 Warning(s).
Build Time Elapsed:  00:00:03
